[2025-12-31 10:41:09] INFO [TelemetriaDelancer.apps] [INIT] Inicializando PanAccess singleton...
[2025-12-31 10:41:10] INFO [django.utils.autoreload] Watching for file changes with StatReloader
[2025-12-31 10:41:15] INFO [TelemetriaDelancer.views] Iniciando ejecución de todos los análisis generales
[2025-12-31 10:41:15] INFO [TelemetriaDelancer.views] Ejecutando: top_channels
[2025-12-31 10:41:15] INFO [TelemetriaDelancer.views] Ejecutando: channel_audience
[2025-12-31 10:41:16] INFO [TelemetriaDelancer.views] Ejecutando: peak_hours
[2025-12-31 10:41:16] INFO [TelemetriaDelancer.views] Ejecutando: average_duration
[2025-12-31 10:41:17] INFO [TelemetriaDelancer.views] Ejecutando: temporal
[2025-12-31 10:41:17] INFO [TelemetriaDelancer.views] Ejecutando: geographic
[2025-12-31 10:41:17] INFO [TelemetriaDelancer.views] Ejecutando: correlation
[2025-12-31 10:41:18] INFO [TelemetriaDelancer.views] Ejecutando: time_series
[2025-12-31 10:41:19] INFO [TelemetriaDelancer.views] Ejecutando: segmentation
[2025-12-31 10:41:20] INFO [TelemetriaDelancer.views] Ejecutando: channel_performance
[2025-12-31 10:41:21] INFO [TelemetriaDelancer.views] Todos los análisis generales completados
[2025-12-31 10:41:21] INFO [TelemetriaDelancer.views] Serialización completada exitosamente
[2025-12-31 10:41:21] ERROR [django.server] "POST /delancer/telemetry/analytics/ HTTP/1.1" 500 145
[2025-12-31 10:44:35] INFO [django.utils.autoreload] C:\Users\veyqp\Desktop\backend\TelemetriaDelancer\views.py changed, reloading.
[2025-12-31 10:44:36] INFO [TelemetriaDelancer.apps] [INIT] Inicializando PanAccess singleton...
[2025-12-31 10:44:37] INFO [django.utils.autoreload] Watching for file changes with StatReloader
[2025-12-31 10:44:42] INFO [django.utils.autoreload] C:\Users\veyqp\Desktop\backend\TelemetriaDelancer\views.py changed, reloading.
[2025-12-31 10:44:44] INFO [TelemetriaDelancer.apps] [INIT] Inicializando PanAccess singleton...
[2025-12-31 10:44:44] INFO [django.utils.autoreload] Watching for file changes with StatReloader
[2025-12-31 10:44:53] INFO [django.utils.autoreload] C:\Users\veyqp\Desktop\backend\TelemetriaDelancer\views.py changed, reloading.
[2025-12-31 10:44:54] INFO [TelemetriaDelancer.apps] [INIT] Inicializando PanAccess singleton...
[2025-12-31 10:44:55] INFO [django.utils.autoreload] Watching for file changes with StatReloader
[2025-12-31 10:44:59] INFO [django.utils.autoreload] C:\Users\veyqp\Desktop\backend\TelemetriaDelancer\views.py changed, reloading.
[2025-12-31 10:45:00] INFO [TelemetriaDelancer.apps] [INIT] Inicializando PanAccess singleton...
[2025-12-31 10:45:01] INFO [django.utils.autoreload] Watching for file changes with StatReloader
[2025-12-31 10:45:07] INFO [django.utils.autoreload] C:\Users\veyqp\Desktop\backend\TelemetriaDelancer\views.py changed, reloading.
[2025-12-31 10:45:09] INFO [TelemetriaDelancer.apps] [INIT] Inicializando PanAccess singleton...
[2025-12-31 10:45:09] INFO [django.utils.autoreload] Watching for file changes with StatReloader
[2025-12-31 10:45:22] INFO [TelemetriaDelancer.views] Iniciando ejecución de todos los análisis generales
[2025-12-31 10:45:22] INFO [TelemetriaDelancer.views] Ejecutando: top_channels
[2025-12-31 10:45:22] INFO [TelemetriaDelancer.views] Ejecutando: channel_audience
[2025-12-31 10:45:22] INFO [TelemetriaDelancer.views] Ejecutando: peak_hours
[2025-12-31 10:45:23] INFO [TelemetriaDelancer.views] Ejecutando: average_duration
[2025-12-31 10:45:24] INFO [TelemetriaDelancer.views] Ejecutando: temporal
[2025-12-31 10:45:24] INFO [TelemetriaDelancer.views] Ejecutando: geographic
[2025-12-31 10:45:24] INFO [TelemetriaDelancer.views] Ejecutando: correlation
[2025-12-31 10:45:25] INFO [TelemetriaDelancer.views] Ejecutando: time_series
[2025-12-31 10:45:25] INFO [TelemetriaDelancer.views] Ejecutando: segmentation
[2025-12-31 10:45:26] INFO [TelemetriaDelancer.views] Ejecutando: channel_performance
[2025-12-31 10:45:27] INFO [TelemetriaDelancer.views] Todos los análisis generales completados
[2025-12-31 10:45:27] INFO [TelemetriaDelancer.views] Serialización completada exitosamente
[2025-12-31 10:45:27] INFO [django.server] "POST /delancer/telemetry/analytics/ HTTP/1.1" 200 400548
[2025-12-31 11:05:39] INFO [django.utils.autoreload] C:\Users\veyqp\Desktop\backend\TelemetriaDelancer\panaccess\analytics.py changed, reloading.
[2025-12-31 11:05:40] INFO [TelemetriaDelancer.apps] [INIT] Inicializando PanAccess singleton...
[2025-12-31 11:05:41] INFO [django.utils.autoreload] Watching for file changes with StatReloader
[2025-12-31 11:06:10] INFO [django.utils.autoreload] C:\Users\veyqp\Desktop\backend\TelemetriaDelancer\views.py changed, reloading.
[2025-12-31 11:06:12] INFO [TelemetriaDelancer.apps] [INIT] Inicializando PanAccess singleton...
[2025-12-31 11:06:12] INFO [django.utils.autoreload] Watching for file changes with StatReloader
[2025-12-31 11:06:17] INFO [django.utils.autoreload] C:\Users\veyqp\Desktop\backend\TelemetriaDelancer\views.py changed, reloading.
[2025-12-31 11:06:19] INFO [TelemetriaDelancer.apps] [INIT] Inicializando PanAccess singleton...
[2025-12-31 11:06:20] INFO [django.utils.autoreload] Watching for file changes with StatReloader
[2025-12-31 11:07:27] INFO [django.utils.autoreload] C:\Users\veyqp\Desktop\backend\TelemetriaDelancer\views.py changed, reloading.
[2025-12-31 11:07:28] INFO [TelemetriaDelancer.apps] [INIT] Inicializando PanAccess singleton...
[2025-12-31 11:07:29] INFO [django.utils.autoreload] Watching for file changes with StatReloader
[2025-12-31 11:13:03] INFO [TelemetriaDelancer.views] Iniciando ejecución de todos los análisis generales
[2025-12-31 11:13:03] INFO [TelemetriaDelancer.views] Ejecutando: general_summary
[2025-12-31 11:13:04] INFO [TelemetriaDelancer.views] Ejecutando: top_channels
[2025-12-31 11:13:04] INFO [TelemetriaDelancer.views] Ejecutando: channel_audience
[2025-12-31 11:13:04] INFO [TelemetriaDelancer.views] Ejecutando: peak_hours
[2025-12-31 11:13:05] INFO [TelemetriaDelancer.views] Ejecutando: average_duration
[2025-12-31 11:13:05] INFO [TelemetriaDelancer.views] Ejecutando: temporal
[2025-12-31 11:13:05] INFO [TelemetriaDelancer.views] Ejecutando: geographic
[2025-12-31 11:13:05] INFO [TelemetriaDelancer.views] Ejecutando: time_slot_analysis
[2025-12-31 11:13:06] INFO [TelemetriaDelancer.views] Ejecutando: correlation
[2025-12-31 11:13:06] INFO [TelemetriaDelancer.views] Ejecutando: time_series
[2025-12-31 11:13:07] INFO [TelemetriaDelancer.views] Ejecutando: segmentation
[2025-12-31 11:13:08] INFO [TelemetriaDelancer.views] Ejecutando: channel_performance
[2025-12-31 11:13:09] INFO [TelemetriaDelancer.views] Todos los análisis generales completados
[2025-12-31 11:13:09] INFO [TelemetriaDelancer.views] Serialización completada exitosamente
[2025-12-31 11:13:09] INFO [django.server] "POST /delancer/telemetry/analytics/ HTTP/1.1" 200 412004
[2025-12-31 11:18:07] INFO [django.utils.autoreload] C:\Users\veyqp\Desktop\backend\TelemetriaDelancer\panaccess\analytics.py changed, reloading.
[2025-12-31 11:18:09] INFO [TelemetriaDelancer.apps] [INIT] Inicializando PanAccess singleton...
[2025-12-31 11:18:10] INFO [django.utils.autoreload] Watching for file changes with StatReloader
[2025-12-31 11:18:37] INFO [TelemetriaDelancer.views] Iniciando ejecución de todos los análisis generales
[2025-12-31 11:18:37] INFO [TelemetriaDelancer.views] Ejecutando: general_summary
[2025-12-31 11:18:37] INFO [TelemetriaDelancer.views] Ejecutando: top_channels
[2025-12-31 11:18:37] INFO [TelemetriaDelancer.views] Ejecutando: channel_audience
[2025-12-31 11:18:38] INFO [TelemetriaDelancer.views] Ejecutando: peak_hours
[2025-12-31 11:18:39] INFO [TelemetriaDelancer.views] Ejecutando: average_duration
[2025-12-31 11:18:39] INFO [TelemetriaDelancer.views] Ejecutando: temporal
[2025-12-31 11:18:39] INFO [TelemetriaDelancer.views] Ejecutando: geographic
[2025-12-31 11:18:39] INFO [TelemetriaDelancer.views] Ejecutando: time_slot_analysis
[2025-12-31 11:18:40] INFO [TelemetriaDelancer.views] Ejecutando: correlation
[2025-12-31 11:18:40] INFO [TelemetriaDelancer.views] Ejecutando: time_series
[2025-12-31 11:18:41] INFO [TelemetriaDelancer.views] Ejecutando: segmentation
[2025-12-31 11:18:42] INFO [TelemetriaDelancer.views] Ejecutando: channel_performance
[2025-12-31 11:18:43] INFO [TelemetriaDelancer.views] Todos los análisis generales completados
[2025-12-31 11:18:43] INFO [TelemetriaDelancer.views] Serialización completada exitosamente
[2025-12-31 11:18:43] INFO [django.server] "POST /delancer/telemetry/analytics/ HTTP/1.1" 200 412067
[2025-12-31 11:33:34] INFO [django.utils.autoreload] C:\Users\veyqp\Desktop\backend\TelemetriaDelancer\panaccess\analytics.py changed, reloading.
[2025-12-31 11:33:36] INFO [TelemetriaDelancer.apps] [INIT] Inicializando PanAccess singleton...
[2025-12-31 11:33:36] INFO [django.utils.autoreload] Watching for file changes with StatReloader
